Thu Apr 10 22:36:30 BDT 2014 : Apache Derby Network Server - 10.8.3.0 - (1405108) started and ready to accept connections on port 1527
----------------------------------------------------------------
Thu Apr 10 22:37:29 BDT 2014:
Booting Derby version The Apache Software Foundation - Apache Derby - 10.8.3.0 - (1405108): instance a816c00e-0145-4c7f-6cb9-ffffbd31709d 
on database directory C:\Users\user\Documents\NetBeansProjects\AddressBook\AddressBook  with class loader sun.misc.Launcher$AppClassLoader@749cd006 
Loaded from file:/C:/Program%20Files/Java/jdk1.7.0_51/db/lib/derby.jar
java.vendor=Oracle Corporation
java.runtime.version=1.7.0_51-b13
user.dir=C:\Program Files\Java\jdk1.7.0_51\db
os.name=Windows 7
os.arch=amd64
os.version=6.1
derby.system.home=C:\Users\user\Documents\NetBeansProjects\AddressBook
Database Class Loader started - derby.database.classpath=''
----------------------------------------------------------------
Thu Apr 10 22:37:38 BDT 2014:
Shutting down instance a816c00e-0145-4c7f-6cb9-ffffbd31709d on database directory C:\Users\user\Documents\NetBeansProjects\AddressBook\AddressBook with class loader sun.misc.Launcher$AppClassLoader@749cd006 
Thu Apr 10 22:37:39 BDT 2014 Thread[DRDAConnThread_4,5,main] (DATABASE = AddressBook), (DRDAID = {2}), Database 'AddressBook' shutdown.
----------------------------------------------------------------
Thu Apr 10 22:37:57 BDT 2014:
Booting Derby version The Apache Software Foundation - Apache Derby - 10.8.3.0 - (1405108): instance 6c44409f-0145-4c7f-6cb9-ffffbd31709d 
on database directory C:\Users\user\Documents\NetBeansProjects\AddressBook\AddressBook  with class loader sun.misc.Launcher$AppClassLoader@749cd006 
Loaded from file:/C:/Program%20Files/Java/jdk1.7.0_51/db/lib/derby.jar
java.vendor=Oracle Corporation
java.runtime.version=1.7.0_51-b13
user.dir=C:\Program Files\Java\jdk1.7.0_51\db
os.name=Windows 7
os.arch=amd64
os.version=6.1
derby.system.home=C:\Users\user\Documents\NetBeansProjects\AddressBook
Database Class Loader started - derby.database.classpath=''
